Started GET "/" for ::1 at 2020-10-08 16:36:51 -0700
DEPRECATION WARNING: ActiveRecord::Base.raise_in_transactional_callbacks= is deprecated, has no effect and will be removed without replacement. (called from block (3 levels) in <class:Railtie> at /Users/carlosgarciajr/.rbenv/versions/2.5.1/lib/ruby/gems/2.5.0/gems/activerecord-5.0.7.2/lib/active_record/railtie.rb:113)
Processing by StaticPagesController#index as HTML
  Rendering static_pages/index.html.erb within layouts/application
  Rendered shared/_main_nav.html.erb (0.3ms)
  Rendered shared/_masthead.html.erb (0.2ms)
  Rendered shared/_sections_nav.html.erb (0.2ms)
  Rendered shared/_search_modal.html.erb (0.2ms)
  Rendered shared/_main_content.html.erb (0.2ms)
  Rendered static_pages/index.html.erb within layouts/application (15.2ms)
Completed 200 OK in 362ms (Views: 358.9ms | ActiveRecord: 0.0ms)


Started GET "/assets/application.self-5e5b219656abf8c4e83f7dfd5e5f4f415d8fe2348d16620303a4ed96d1b5a144.css?body=1" for ::1 at 2020-10-08 16:36:52 -0700
Started GET "/" for ::1 at 2020-10-08 16:36:53 -0700
Processing by StaticPagesController#index as HTML
  Rendering static_pages/index.html.erb within layouts/application
  Rendered shared/_main_nav.html.erb (0.2ms)
  Rendered shared/_masthead.html.erb (0.2ms)
  Rendered shared/_sections_nav.html.erb (0.2ms)
  Rendered shared/_search_modal.html.erb (0.2ms)
  Rendered shared/_main_content.html.erb (0.1ms)
  Rendered static_pages/index.html.erb within layouts/application (13.2ms)
Completed 200 OK in 29ms (Views: 26.9ms | ActiveRecord: 0.0ms)


Started GET "/" for ::1 at 2020-10-08 16:37:17 -0700
Processing by StaticPagesController#index as HTML
  Rendering static_pages/index.html.erb within layouts/application
  Rendered shared/_main_nav.html.erb (0.2ms)
  Rendered shared/_masthead.html.erb (0.2ms)
  Rendered shared/_sections_nav.html.erb (0.2ms)
  Rendered shared/_search_modal.html.erb (0.2ms)
  Rendered shared/_main_content.html.erb (0.2ms)
  Rendered static_pages/index.html.erb within layouts/application (14.6ms)
Completed 200 OK in 35ms (Views: 31.8ms | ActiveRecord: 0.0ms)


Started GET "/" for ::1 at 2020-10-08 16:37:20 -0700
Processing by StaticPagesController#index as HTML
  Rendering static_pages/index.html.erb within layouts/application
  Rendered shared/_main_nav.html.erb (0.2ms)
  Rendered shared/_masthead.html.erb (0.2ms)
  Rendered shared/_sections_nav.html.erb (0.2ms)
  Rendered shared/_search_modal.html.erb (0.2ms)
  Rendered shared/_main_content.html.erb (0.2ms)
  Rendered static_pages/index.html.erb within layouts/application (12.8ms)
Completed 200 OK in 30ms (Views: 27.7ms | ActiveRecord: 0.0ms)


Started GET "/" for ::1 at 2020-10-09 09:59:50 -0700
DEPRECATION WARNING: ActiveRecord::Base.raise_in_transactional_callbacks= is deprecated, has no effect and will be removed without replacement. (called from block (3 levels) in <class:Railtie> at /Users/carlosgarciajr/.rbenv/versions/2.5.1/lib/ruby/gems/2.5.0/gems/activerecord-5.0.7.2/lib/active_record/railtie.rb:113)
Processing by StaticPagesController#index as HTML
  Rendering static_pages/index.html.erb within layouts/application
  Rendered shared/_main_nav.html.erb (0.3ms)
  Rendered shared/_masthead.html.erb (0.2ms)
  Rendered shared/_sections_nav.html.erb (0.2ms)
  Rendered shared/_search_modal.html.erb (0.2ms)
  Rendered shared/_main_content.html.erb (0.2ms)
  Rendered static_pages/index.html.erb within layouts/application (15.4ms)
Completed 200 OK in 353ms (Views: 350.1ms | ActiveRecord: 0.0ms)


Started GET "/assets/application.self-7aae4f884d21c0f895d0e25909b4a3857ca3f7bdd4412baf28bf32a8b1f558b1.css?body=1" for ::1 at 2020-10-09 09:59:51 -0700
Started GET "/" for ::1 at 2020-10-09 10:00:16 -0700
Processing by StaticPagesController#index as HTML
  Rendering static_pages/index.html.erb within layouts/application
  Rendered shared/_main_nav.html.erb (0.2ms)
  Rendered shared/_masthead.html.erb (0.2ms)
  Rendered shared/_sections_nav.html.erb (0.1ms)
  Rendered shared/_search_modal.html.erb (0.2ms)
  Rendered shared/_main_content.html.erb (0.4ms)
  Rendered static_pages/index.html.erb within layouts/application (12.9ms)
Completed 200 OK in 34ms (Views: 30.5ms | ActiveRecord: 0.0ms)


Started GET "/assets/new_office.jpg" for ::1 at 2020-10-09 10:00:16 -0700
Started GET "/" for ::1 at 2020-10-09 10:03:51 -0700
Processing by StaticPagesController#index as HTML
  Rendering static_pages/index.html.erb within layouts/application
  Rendered shared/_main_nav.html.erb (0.2ms)
  Rendered shared/_masthead.html.erb (0.2ms)
  Rendered shared/_sections_nav.html.erb (0.3ms)
  Rendered shared/_search_modal.html.erb (0.2ms)
  Rendered shared/_main_content.html.erb (0.3ms)
  Rendered static_pages/index.html.erb within layouts/application (13.1ms)
Completed 200 OK in 109ms (Views: 104.9ms | ActiveRecord: 0.0ms)


Started GET "/assets/application.self-e229079662ba64eec2df88cc9898f07a6b5005419aa37c928d3d684a6d58d3e4.css?body=1" for ::1 at 2020-10-09 10:03:51 -0700
Started GET "/assets/new_office.jpg" for ::1 at 2020-10-09 10:03:51 -0700
Started GET "/" for ::1 at 2020-10-12 13:48:14 -0700
DEPRECATION WARNING: ActiveRecord::Base.raise_in_transactional_callbacks= is deprecated, has no effect and will be removed without replacement. (called from block (3 levels) in <class:Railtie> at /Users/carlosgarciajr/.rbenv/versions/2.5.1/lib/ruby/gems/2.5.0/gems/activerecord-5.0.7.2/lib/active_record/railtie.rb:113)
Processing by StaticPagesController#index as HTML
  Rendering static_pages/index.html.erb within layouts/application
  Rendered shared/_main_nav.html.erb (0.2ms)
  Rendered shared/_masthead.html.erb (0.1ms)
  Rendered shared/_sections_nav.html.erb (0.1ms)
  Rendered shared/_search_modal.html.erb (0.2ms)
  Rendered shared/_main_content.html.erb (0.3ms)
  Rendered static_pages/index.html.erb within layouts/application (14.5ms)
Completed 500 Internal Server Error in 194ms (ActiveRecord: 0.0ms)



Sass::SyntaxError - File to import not found or unreadable: base/grid.scss.
Load paths:
  /Users/carlosgarciajr/Documents/programming/app_academy_work/curriculum/html-css/projects/aa_times/skeleton/app/assets/images
  /Users/carlosgarciajr/Documents/programming/app_academy_work/curriculum/html-css/projects/aa_times/skeleton/app/assets/javascripts
  /Users/carlosgarciajr/Documents/programming/app_academy_work/curriculum/html-css/projects/aa_times/skeleton/app/assets/stylesheets
  /Users/carlosgarciajr/Documents/programming/app_academy_work/curriculum/html-css/projects/aa_times/skeleton/vendor/assets/javascripts
  /Users/carlosgarciajr/Documents/programming/app_academy_work/curriculum/html-css/projects/aa_times/skeleton/vendor/assets/stylesheets
  /Users/carlosgarciajr/.rbenv/versions/2.5.1/lib/ruby/gems/2.5.0/gems/jquery-rails-4.4.0/vendor/assets/javascripts
  /Users/carlosgarciajr/.rbenv/versions/2.5.1/lib/ruby/gems/2.5.0/gems/coffee-rails-4.2.2/lib/assets/javascripts
  /Users/carlosgarciajr/.rbenv/versions/2.5.1/lib/ruby/gems/2.5.0/gems/actioncable-5.0.7.2/lib/assets/compiled:
  app/views/layouts/application.html.erb:7:in `_app_views_layouts_application_html_erb___270333905406359367_70279989431840'

Started POST "/__better_errors/927a171e4587d656/variables" for ::1 at 2020-10-12 13:48:14 -0700
Started GET "/" for ::1 at 2020-10-12 13:48:41 -0700
Processing by StaticPagesController#index as HTML
  Rendering static_pages/index.html.erb within layouts/application
  Rendered shared/_main_nav.html.erb (0.2ms)
  Rendered shared/_masthead.html.erb (0.1ms)
  Rendered shared/_sections_nav.html.erb (0.3ms)
  Rendered shared/_search_modal.html.erb (0.3ms)
  Rendered shared/_main_content.html.erb (0.2ms)
  Rendered static_pages/index.html.erb within layouts/application (12.8ms)
Completed 200 OK in 110ms (Views: 107.4ms | ActiveRecord: 0.0ms)


Started GET "/assets/application.self-1237ad35a9ee79bd64030d4638d1fd80f6734c490eb538e0dd01d7af3c16bf40.css?body=1" for ::1 at 2020-10-12 13:48:41 -0700
Started GET "/" for ::1 at 2020-10-12 13:48:43 -0700
Processing by StaticPagesController#index as HTML
  Rendering static_pages/index.html.erb within layouts/application
  Rendered shared/_main_nav.html.erb (0.2ms)
  Rendered shared/_masthead.html.erb (0.2ms)
  Rendered shared/_sections_nav.html.erb (0.2ms)
  Rendered shared/_search_modal.html.erb (0.2ms)
  Rendered shared/_main_content.html.erb (0.2ms)
  Rendered static_pages/index.html.erb within layouts/application (13.1ms)
Completed 200 OK in 33ms (Views: 29.9ms | ActiveRecord: 0.0ms)


Started GET "/" for ::1 at 2020-10-12 13:55:52 -0700
DEPRECATION WARNING: ActiveRecord::Base.raise_in_transactional_callbacks= is deprecated, has no effect and will be removed without replacement. (called from block (3 levels) in <class:Railtie> at /Users/carlosgarciajr/.rbenv/versions/2.5.1/lib/ruby/gems/2.5.0/gems/activerecord-5.0.7.2/lib/active_record/railtie.rb:113)
Processing by StaticPagesController#index as HTML
  Rendering static_pages/index.html.erb within layouts/application
  Rendered shared/_main_nav.html.erb (0.2ms)
  Rendered shared/_masthead.html.erb (0.1ms)
  Rendered shared/_sections_nav.html.erb (0.3ms)
  Rendered shared/_search_modal.html.erb (0.2ms)
  Rendered shared/_main_content.html.erb (0.3ms)
  Rendered static_pages/index.html.erb within layouts/application (14.6ms)
Completed 200 OK in 257ms (Views: 254.8ms | ActiveRecord: 0.0ms)


Started GET "/assets/application.self-758afe40c177e32f890a8b8e23f11571b5d1785af915c0789bd6a19191afc6ab.css?body=1" for ::1 at 2020-10-12 13:55:52 -0700
Started GET "/assets/new_office.jpg" for ::1 at 2020-10-12 13:55:52 -0700
Started GET "/" for ::1 at 2020-10-12 13:56:32 -0700
Processing by StaticPagesController#index as HTML
  Rendering static_pages/index.html.erb within layouts/application
  Rendered shared/_main_nav.html.erb (0.1ms)
  Rendered shared/_masthead.html.erb (0.2ms)
  Rendered shared/_sections_nav.html.erb (0.1ms)
  Rendered shared/_search_modal.html.erb (0.3ms)
  Rendered shared/_main_content.html.erb (0.3ms)
  Rendered static_pages/index.html.erb within layouts/application (12.3ms)
Completed 200 OK in 75ms (Views: 72.8ms | ActiveRecord: 0.0ms)


Started GET "/assets/application.self-e229079662ba64eec2df88cc9898f07a6b5005419aa37c928d3d684a6d58d3e4.css?body=1" for ::1 at 2020-10-12 13:56:32 -0700
Started GET "/assets/new_office.jpg" for ::1 at 2020-10-12 13:56:32 -0700
Started GET "/" for ::1 at 2020-10-12 13:56:33 -0700
Processing by StaticPagesController#index as HTML
  Rendering static_pages/index.html.erb within layouts/application
  Rendered shared/_main_nav.html.erb (0.2ms)
  Rendered shared/_masthead.html.erb (0.2ms)
  Rendered shared/_sections_nav.html.erb (0.2ms)
  Rendered shared/_search_modal.html.erb (0.2ms)
  Rendered shared/_main_content.html.erb (0.2ms)
  Rendered static_pages/index.html.erb within layouts/application (12.9ms)
Completed 200 OK in 34ms (Views: 31.3ms | ActiveRecord: 0.0ms)


Started GET "/assets/new_office.jpg" for ::1 at 2020-10-12 13:56:33 -0700
Started GET "/" for ::1 at 2020-10-12 13:57:15 -0700
Processing by StaticPagesController#index as HTML
  Rendering static_pages/index.html.erb within layouts/application
  Rendered shared/_main_nav.html.erb (0.2ms)
  Rendered shared/_masthead.html.erb (0.2ms)
  Rendered shared/_sections_nav.html.erb (0.2ms)
  Rendered shared/_search_modal.html.erb (0.2ms)
  Rendered shared/_main_content.html.erb (0.3ms)
  Rendered static_pages/index.html.erb within layouts/application (12.6ms)
Completed 200 OK in 92ms (Views: 88.2ms | ActiveRecord: 0.0ms)


Started GET "/assets/application.self-7aae4f884d21c0f895d0e25909b4a3857ca3f7bdd4412baf28bf32a8b1f558b1.css?body=1" for ::1 at 2020-10-12 13:57:15 -0700
Started GET "/assets/new_office.jpg" for ::1 at 2020-10-12 13:57:15 -0700
Started GET "/" for ::1 at 2021-03-04 13:07:52 -0500
DEPRECATION WARNING: ActiveRecord::Base.raise_in_transactional_callbacks= is deprecated, has no effect and will be removed without replacement. (called from block (3 levels) in <class:Railtie> at /Users/lamarpoole/.rbenv/versions/2.5.1/lib/ruby/gems/2.5.0/gems/activerecord-5.0.7.2/lib/active_record/railtie.rb:113)
Processing by StaticPagesController#index as HTML
  Rendering static_pages/index.html.erb within layouts/application
  Rendered shared/_main_nav.html.erb (1.0ms)
  Rendered shared/_masthead.html.erb (0.4ms)
  Rendered shared/_sections_nav.html.erb (1.0ms)
  Rendered shared/_search_modal.html.erb (0.5ms)
  Rendered shared/_main_content.html.erb (0.5ms)
  Rendered static_pages/index.html.erb within layouts/application (37.2ms)
Completed 200 OK in 1461ms (Views: 1453.9ms | ActiveRecord: 0.0ms)


Started GET "/assets/jquery.self-bd7ddd393353a8d2480a622e80342adf488fb6006d667e8b42e4c0073393abee.js?body=1" for ::1 at 2021-03-04 13:07:54 -0500
Started GET "/assets/application.self-4fdf01b10c6c1036f60c81e48d63b90acf35a87968da54da1396e2ef5abc4f0b.css?body=1" for ::1 at 2021-03-04 13:07:54 -0500
Started GET "/assets/components/modal.self-52188644dbb47def5ee35ae02e69eb567ca9b664472357a8a5789dd39032a265.js?body=1" for ::1 at 2021-03-04 13:07:54 -0500
Started GET "/assets/jquery_ujs.self-784a997f6726036b1993eb2217c9cb558e1cbb801c6da88105588c56f13b466a.js?body=1" for ::1 at 2021-03-04 13:07:54 -0500
Started GET "/assets/components/sidebar.self-2a1277f850a6fa21e1a974ef5152f177ac05516477d5081d593bb137b3d6808b.js?body=1" for ::1 at 2021-03-04 13:07:54 -0500
Started GET "/assets/application.self-f571b9db02bf4ed04c38a6a29072ac382f7d4f47db1fab9817aeadb0d8665235.js?body=1" for ::1 at 2021-03-04 13:07:54 -0500
Started GET "/assets/application.self-4fdf01b10c6c1036f60c81e48d63b90acf35a87968da54da1396e2ef5abc4f0b.css?body=1&livereload=1614881713990" for ::1 at 2021-03-04 13:15:14 -0500
Started GET "/assets/application.self-4fdf01b10c6c1036f60c81e48d63b90acf35a87968da54da1396e2ef5abc4f0b.css?body=1&livereload=1614881713994" for ::1 at 2021-03-04 13:15:14 -0500
Started GET "/assets/application.self-4fdf01b10c6c1036f60c81e48d63b90acf35a87968da54da1396e2ef5abc4f0b.css?body=1&livereload=1614881720561" for ::1 at 2021-03-04 13:15:20 -0500
Started GET "/assets/application.self-4fdf01b10c6c1036f60c81e48d63b90acf35a87968da54da1396e2ef5abc4f0b.css?body=1&livereload=1614881720567" for ::1 at 2021-03-04 13:15:20 -0500
Started GET "/assets/application.self-4fdf01b10c6c1036f60c81e48d63b90acf35a87968da54da1396e2ef5abc4f0b.css?body=1&livereload=1614881723646" for ::1 at 2021-03-04 13:15:23 -0500
Started GET "/assets/application.self-4fdf01b10c6c1036f60c81e48d63b90acf35a87968da54da1396e2ef5abc4f0b.css?body=1&livereload=1614881723649" for ::1 at 2021-03-04 13:15:23 -0500
Started GET "/assets/application.self-4fdf01b10c6c1036f60c81e48d63b90acf35a87968da54da1396e2ef5abc4f0b.css?body=1&livereload=1614881738094" for ::1 at 2021-03-04 13:15:38 -0500
Started GET "/assets/application.self-4fdf01b10c6c1036f60c81e48d63b90acf35a87968da54da1396e2ef5abc4f0b.css?body=1&livereload=1614881738097" for ::1 at 2021-03-04 13:15:38 -0500
Started GET "/assets/application.self-4fdf01b10c6c1036f60c81e48d63b90acf35a87968da54da1396e2ef5abc4f0b.css?body=1&livereload=1614881796106" for ::1 at 2021-03-04 13:16:36 -0500
Started GET "/assets/application.self-4fdf01b10c6c1036f60c81e48d63b90acf35a87968da54da1396e2ef5abc4f0b.css?body=1&livereload=1614881796109" for ::1 at 2021-03-04 13:16:36 -0500
Started GET "/assets/application.self-4fdf01b10c6c1036f60c81e48d63b90acf35a87968da54da1396e2ef5abc4f0b.css?body=1&livereload=1614881803938" for ::1 at 2021-03-04 13:16:43 -0500
Started GET "/assets/application.self-4fdf01b10c6c1036f60c81e48d63b90acf35a87968da54da1396e2ef5abc4f0b.css?body=1&livereload=1614881803944" for ::1 at 2021-03-04 13:16:43 -0500
Started GET "/assets/application.self-4fdf01b10c6c1036f60c81e48d63b90acf35a87968da54da1396e2ef5abc4f0b.css?body=1&livereload=1614881810914" for ::1 at 2021-03-04 13:16:50 -0500
Started GET "/assets/application.self-4fdf01b10c6c1036f60c81e48d63b90acf35a87968da54da1396e2ef5abc4f0b.css?body=1&livereload=1614881810916" for ::1 at 2021-03-04 13:16:50 -0500
Started GET "/assets/application.self-4fdf01b10c6c1036f60c81e48d63b90acf35a87968da54da1396e2ef5abc4f0b.css?body=1&livereload=1614881822084" for ::1 at 2021-03-04 13:17:02 -0500
Started GET "/assets/application.self-4fdf01b10c6c1036f60c81e48d63b90acf35a87968da54da1396e2ef5abc4f0b.css?body=1&livereload=1614881822091" for ::1 at 2021-03-04 13:17:02 -0500
Started GET "/assets/application.self-4fdf01b10c6c1036f60c81e48d63b90acf35a87968da54da1396e2ef5abc4f0b.css?body=1&livereload=1614881825351" for ::1 at 2021-03-04 13:17:05 -0500
Started GET "/assets/application.self-4fdf01b10c6c1036f60c81e48d63b90acf35a87968da54da1396e2ef5abc4f0b.css?body=1&livereload=1614881825354" for ::1 at 2021-03-04 13:17:05 -0500
Started GET "/assets/application.self-4fdf01b10c6c1036f60c81e48d63b90acf35a87968da54da1396e2ef5abc4f0b.css?body=1&livereload=1614881853824" for ::1 at 2021-03-04 13:17:33 -0500
Started GET "/assets/application.self-4fdf01b10c6c1036f60c81e48d63b90acf35a87968da54da1396e2ef5abc4f0b.css?body=1&livereload=1614881853826" for ::1 at 2021-03-04 13:17:33 -0500
Started GET "/assets/application.self-4fdf01b10c6c1036f60c81e48d63b90acf35a87968da54da1396e2ef5abc4f0b.css?body=1&livereload=1614881859213" for ::1 at 2021-03-04 13:17:39 -0500
Started GET "/assets/application.self-4fdf01b10c6c1036f60c81e48d63b90acf35a87968da54da1396e2ef5abc4f0b.css?body=1&livereload=1614881859215" for ::1 at 2021-03-04 13:17:39 -0500
Started GET "/assets/application.self-4fdf01b10c6c1036f60c81e48d63b90acf35a87968da54da1396e2ef5abc4f0b.css?body=1&livereload=1614881860799" for ::1 at 2021-03-04 13:17:40 -0500
Started GET "/assets/application.self-4fdf01b10c6c1036f60c81e48d63b90acf35a87968da54da1396e2ef5abc4f0b.css?body=1&livereload=1614881860802" for ::1 at 2021-03-04 13:17:40 -0500
Started GET "/assets/application.self-4fdf01b10c6c1036f60c81e48d63b90acf35a87968da54da1396e2ef5abc4f0b.css?body=1&livereload=1614881863778" for ::1 at 2021-03-04 13:17:43 -0500
Started GET "/assets/application.self-4fdf01b10c6c1036f60c81e48d63b90acf35a87968da54da1396e2ef5abc4f0b.css?body=1&livereload=1614881863782" for ::1 at 2021-03-04 13:17:43 -0500
Started GET "/assets/application.self-4fdf01b10c6c1036f60c81e48d63b90acf35a87968da54da1396e2ef5abc4f0b.css?body=1&livereload=1614881867906" for ::1 at 2021-03-04 13:17:47 -0500
Started GET "/assets/application.self-4fdf01b10c6c1036f60c81e48d63b90acf35a87968da54da1396e2ef5abc4f0b.css?body=1&livereload=1614881867909" for ::1 at 2021-03-04 13:17:47 -0500
Started GET "/assets/application.self-4fdf01b10c6c1036f60c81e48d63b90acf35a87968da54da1396e2ef5abc4f0b.css?body=1&livereload=1614881882518" for ::1 at 2021-03-04 13:18:02 -0500
Started GET "/assets/application.self-4fdf01b10c6c1036f60c81e48d63b90acf35a87968da54da1396e2ef5abc4f0b.css?body=1&livereload=1614881882520" for ::1 at 2021-03-04 13:18:02 -0500
Started GET "/assets/application.self-4fdf01b10c6c1036f60c81e48d63b90acf35a87968da54da1396e2ef5abc4f0b.css?body=1&livereload=1614881892506" for ::1 at 2021-03-04 13:18:12 -0500
Started GET "/assets/application.self-4fdf01b10c6c1036f60c81e48d63b90acf35a87968da54da1396e2ef5abc4f0b.css?body=1&livereload=1614881892511" for ::1 at 2021-03-04 13:18:12 -0500
Started GET "/assets/application.self-4fdf01b10c6c1036f60c81e48d63b90acf35a87968da54da1396e2ef5abc4f0b.css?body=1&livereload=1614881904612" for ::1 at 2021-03-04 13:18:24 -0500
Started GET "/assets/application.self-4fdf01b10c6c1036f60c81e48d63b90acf35a87968da54da1396e2ef5abc4f0b.css?body=1&livereload=1614881904609" for ::1 at 2021-03-04 13:18:24 -0500
Started GET "/assets/application.self-4fdf01b10c6c1036f60c81e48d63b90acf35a87968da54da1396e2ef5abc4f0b.css?body=1&livereload=1614881908715" for ::1 at 2021-03-04 13:18:28 -0500
Started GET "/assets/application.self-4fdf01b10c6c1036f60c81e48d63b90acf35a87968da54da1396e2ef5abc4f0b.css?body=1&livereload=1614881908712" for ::1 at 2021-03-04 13:18:28 -0500
Started GET "/assets/application.self-4fdf01b10c6c1036f60c81e48d63b90acf35a87968da54da1396e2ef5abc4f0b.css?body=1&livereload=1614881918585" for ::1 at 2021-03-04 13:18:38 -0500
Started GET "/assets/application.self-4fdf01b10c6c1036f60c81e48d63b90acf35a87968da54da1396e2ef5abc4f0b.css?body=1&livereload=1614881918587" for ::1 at 2021-03-04 13:18:38 -0500
Started GET "/assets/application.self-4fdf01b10c6c1036f60c81e48d63b90acf35a87968da54da1396e2ef5abc4f0b.css?body=1&livereload=1614881954280" for ::1 at 2021-03-04 13:19:14 -0500
Started GET "/assets/application.self-4fdf01b10c6c1036f60c81e48d63b90acf35a87968da54da1396e2ef5abc4f0b.css?body=1&livereload=1614881954286" for ::1 at 2021-03-04 13:19:14 -0500
Started GET "/assets/application.self-4fdf01b10c6c1036f60c81e48d63b90acf35a87968da54da1396e2ef5abc4f0b.css?body=1&livereload=1614881959883" for ::1 at 2021-03-04 13:19:19 -0500
Started GET "/assets/application.self-4fdf01b10c6c1036f60c81e48d63b90acf35a87968da54da1396e2ef5abc4f0b.css?body=1&livereload=1614881959886" for ::1 at 2021-03-04 13:19:19 -0500
Started GET "/assets/application.self-4fdf01b10c6c1036f60c81e48d63b90acf35a87968da54da1396e2ef5abc4f0b.css?body=1&livereload=1614881962120" for ::1 at 2021-03-04 13:19:22 -0500
Started GET "/assets/application.self-4fdf01b10c6c1036f60c81e48d63b90acf35a87968da54da1396e2ef5abc4f0b.css?body=1&livereload=1614881962122" for ::1 at 2021-03-04 13:19:22 -0500
Started GET "/assets/application.self-4fdf01b10c6c1036f60c81e48d63b90acf35a87968da54da1396e2ef5abc4f0b.css?body=1&livereload=1614881966516" for ::1 at 2021-03-04 13:19:26 -0500
Started GET "/assets/application.self-4fdf01b10c6c1036f60c81e48d63b90acf35a87968da54da1396e2ef5abc4f0b.css?body=1&livereload=1614881966512" for ::1 at 2021-03-04 13:19:26 -0500
Started GET "/assets/application.self-4fdf01b10c6c1036f60c81e48d63b90acf35a87968da54da1396e2ef5abc4f0b.css?body=1&livereload=1614881968216" for ::1 at 2021-03-04 13:19:28 -0500
Started GET "/assets/application.self-4fdf01b10c6c1036f60c81e48d63b90acf35a87968da54da1396e2ef5abc4f0b.css?body=1&livereload=1614881968210" for ::1 at 2021-03-04 13:19:28 -0500
Started GET "/assets/application.self-4fdf01b10c6c1036f60c81e48d63b90acf35a87968da54da1396e2ef5abc4f0b.css?body=1&livereload=1614881969704" for ::1 at 2021-03-04 13:19:29 -0500
Started GET "/assets/application.self-4fdf01b10c6c1036f60c81e48d63b90acf35a87968da54da1396e2ef5abc4f0b.css?body=1&livereload=1614881969701" for ::1 at 2021-03-04 13:19:29 -0500
Started GET "/assets/application.self-4fdf01b10c6c1036f60c81e48d63b90acf35a87968da54da1396e2ef5abc4f0b.css?body=1&livereload=1614881971561" for ::1 at 2021-03-04 13:19:31 -0500
Started GET "/assets/application.self-4fdf01b10c6c1036f60c81e48d63b90acf35a87968da54da1396e2ef5abc4f0b.css?body=1&livereload=1614881971568" for ::1 at 2021-03-04 13:19:31 -0500
Started GET "/assets/application.self-4fdf01b10c6c1036f60c81e48d63b90acf35a87968da54da1396e2ef5abc4f0b.css?body=1&livereload=1614881976320" for ::1 at 2021-03-04 13:19:36 -0500
Started GET "/assets/application.self-4fdf01b10c6c1036f60c81e48d63b90acf35a87968da54da1396e2ef5abc4f0b.css?body=1&livereload=1614881976324" for ::1 at 2021-03-04 13:19:36 -0500
Started GET "/assets/application.self-4fdf01b10c6c1036f60c81e48d63b90acf35a87968da54da1396e2ef5abc4f0b.css?body=1&livereload=1614881998655" for ::1 at 2021-03-04 13:19:58 -0500
Started GET "/assets/application.self-4fdf01b10c6c1036f60c81e48d63b90acf35a87968da54da1396e2ef5abc4f0b.css?body=1&livereload=1614881998658" for ::1 at 2021-03-04 13:19:58 -0500
Started GET "/assets/application.self-4fdf01b10c6c1036f60c81e48d63b90acf35a87968da54da1396e2ef5abc4f0b.css?body=1&livereload=1614882061783" for ::1 at 2021-03-04 13:21:01 -0500
Started GET "/assets/application.self-4fdf01b10c6c1036f60c81e48d63b90acf35a87968da54da1396e2ef5abc4f0b.css?body=1&livereload=1614882061787" for ::1 at 2021-03-04 13:21:01 -0500
Started GET "/assets/application.self-4fdf01b10c6c1036f60c81e48d63b90acf35a87968da54da1396e2ef5abc4f0b.css?body=1&livereload=1614882072850" for ::1 at 2021-03-04 13:21:12 -0500
Started GET "/assets/application.self-4fdf01b10c6c1036f60c81e48d63b90acf35a87968da54da1396e2ef5abc4f0b.css?body=1&livereload=1614882072847" for ::1 at 2021-03-04 13:21:12 -0500
Started GET "/assets/application.self-4fdf01b10c6c1036f60c81e48d63b90acf35a87968da54da1396e2ef5abc4f0b.css?body=1&livereload=1614882073873" for ::1 at 2021-03-04 13:21:13 -0500
Started GET "/assets/application.self-4fdf01b10c6c1036f60c81e48d63b90acf35a87968da54da1396e2ef5abc4f0b.css?body=1&livereload=1614882073875" for ::1 at 2021-03-04 13:21:13 -0500
Started GET "/assets/application.self-4fdf01b10c6c1036f60c81e48d63b90acf35a87968da54da1396e2ef5abc4f0b.css?body=1&livereload=1614882208684" for ::1 at 2021-03-04 13:23:28 -0500
Started GET "/assets/application.self-4fdf01b10c6c1036f60c81e48d63b90acf35a87968da54da1396e2ef5abc4f0b.css?body=1&livereload=1614882208681" for ::1 at 2021-03-04 13:23:28 -0500
Started GET "/assets/application.self-4fdf01b10c6c1036f60c81e48d63b90acf35a87968da54da1396e2ef5abc4f0b.css?body=1&livereload=1614882210457" for ::1 at 2021-03-04 13:23:30 -0500
Started GET "/assets/application.self-4fdf01b10c6c1036f60c81e48d63b90acf35a87968da54da1396e2ef5abc4f0b.css?body=1&livereload=1614882210451" for ::1 at 2021-03-04 13:23:30 -0500
Started GET "/assets/application.self-4fdf01b10c6c1036f60c81e48d63b90acf35a87968da54da1396e2ef5abc4f0b.css?body=1&livereload=1614882216509" for ::1 at 2021-03-04 13:23:36 -0500
Started GET "/assets/application.self-4fdf01b10c6c1036f60c81e48d63b90acf35a87968da54da1396e2ef5abc4f0b.css?body=1&livereload=1614882216511" for ::1 at 2021-03-04 13:23:36 -0500
Started GET "/assets/application.self-4fdf01b10c6c1036f60c81e48d63b90acf35a87968da54da1396e2ef5abc4f0b.css?body=1&livereload=1614882217445" for ::1 at 2021-03-04 13:23:37 -0500
Started GET "/assets/application.self-4fdf01b10c6c1036f60c81e48d63b90acf35a87968da54da1396e2ef5abc4f0b.css?body=1&livereload=1614882217448" for ::1 at 2021-03-04 13:23:37 -0500
Started GET "/assets/application.self-4fdf01b10c6c1036f60c81e48d63b90acf35a87968da54da1396e2ef5abc4f0b.css?body=1&livereload=1614882221440" for ::1 at 2021-03-04 13:23:41 -0500
Started GET "/assets/application.self-4fdf01b10c6c1036f60c81e48d63b90acf35a87968da54da1396e2ef5abc4f0b.css?body=1&livereload=1614882221443" for ::1 at 2021-03-04 13:23:41 -0500
Started GET "/assets/application.self-4fdf01b10c6c1036f60c81e48d63b90acf35a87968da54da1396e2ef5abc4f0b.css?body=1&livereload=1614882225087" for ::1 at 2021-03-04 13:23:45 -0500
Started GET "/assets/application.self-4fdf01b10c6c1036f60c81e48d63b90acf35a87968da54da1396e2ef5abc4f0b.css?body=1&livereload=1614882225092" for ::1 at 2021-03-04 13:23:45 -0500
Started GET "/assets/application.self-4fdf01b10c6c1036f60c81e48d63b90acf35a87968da54da1396e2ef5abc4f0b.css?body=1&livereload=1614882230492" for ::1 at 2021-03-04 13:23:50 -0500
Started GET "/assets/application.self-4fdf01b10c6c1036f60c81e48d63b90acf35a87968da54da1396e2ef5abc4f0b.css?body=1&livereload=1614882230494" for ::1 at 2021-03-04 13:23:50 -0500
Started GET "/assets/application.self-4fdf01b10c6c1036f60c81e48d63b90acf35a87968da54da1396e2ef5abc4f0b.css?body=1&livereload=1614882233575" for ::1 at 2021-03-04 13:23:53 -0500
Started GET "/assets/application.self-4fdf01b10c6c1036f60c81e48d63b90acf35a87968da54da1396e2ef5abc4f0b.css?body=1&livereload=1614882233578" for ::1 at 2021-03-04 13:23:53 -0500
Started GET "/assets/application.self-4fdf01b10c6c1036f60c81e48d63b90acf35a87968da54da1396e2ef5abc4f0b.css?body=1&livereload=1614882236187" for ::1 at 2021-03-04 13:23:56 -0500
Started GET "/assets/application.self-4fdf01b10c6c1036f60c81e48d63b90acf35a87968da54da1396e2ef5abc4f0b.css?body=1&livereload=1614882236191" for ::1 at 2021-03-04 13:23:56 -0500
Started GET "/assets/application.self-4fdf01b10c6c1036f60c81e48d63b90acf35a87968da54da1396e2ef5abc4f0b.css?body=1&livereload=1614882238330" for ::1 at 2021-03-04 13:23:58 -0500
Started GET "/assets/application.self-4fdf01b10c6c1036f60c81e48d63b90acf35a87968da54da1396e2ef5abc4f0b.css?body=1&livereload=1614882238333" for ::1 at 2021-03-04 13:23:58 -0500
Started GET "/assets/application.self-4fdf01b10c6c1036f60c81e48d63b90acf35a87968da54da1396e2ef5abc4f0b.css?body=1&livereload=1614882241018" for ::1 at 2021-03-04 13:24:01 -0500
Started GET "/assets/application.self-4fdf01b10c6c1036f60c81e48d63b90acf35a87968da54da1396e2ef5abc4f0b.css?body=1&livereload=1614882241020" for ::1 at 2021-03-04 13:24:01 -0500
Started GET "/assets/application.self-4fdf01b10c6c1036f60c81e48d63b90acf35a87968da54da1396e2ef5abc4f0b.css?body=1&livereload=1614882395329" for ::1 at 2021-03-04 13:26:35 -0500
Started GET "/assets/application.self-4fdf01b10c6c1036f60c81e48d63b90acf35a87968da54da1396e2ef5abc4f0b.css?body=1&livereload=1614882395364" for ::1 at 2021-03-04 13:26:35 -0500
Started GET "/assets/application.self-4fdf01b10c6c1036f60c81e48d63b90acf35a87968da54da1396e2ef5abc4f0b.css?body=1&livereload=1614882399630" for ::1 at 2021-03-04 13:26:39 -0500
Started GET "/assets/application.self-4fdf01b10c6c1036f60c81e48d63b90acf35a87968da54da1396e2ef5abc4f0b.css?body=1&livereload=1614882399633" for ::1 at 2021-03-04 13:26:39 -0500
Started GET "/assets/application.self-4fdf01b10c6c1036f60c81e48d63b90acf35a87968da54da1396e2ef5abc4f0b.css?body=1&livereload=1614882404988" for ::1 at 2021-03-04 13:26:45 -0500
Started GET "/assets/application.self-4fdf01b10c6c1036f60c81e48d63b90acf35a87968da54da1396e2ef5abc4f0b.css?body=1&livereload=1614882404990" for ::1 at 2021-03-04 13:26:45 -0500
Started GET "/assets/application.self-4fdf01b10c6c1036f60c81e48d63b90acf35a87968da54da1396e2ef5abc4f0b.css?body=1&livereload=1614882405602" for ::1 at 2021-03-04 13:26:45 -0500
Started GET "/assets/application.self-4fdf01b10c6c1036f60c81e48d63b90acf35a87968da54da1396e2ef5abc4f0b.css?body=1&livereload=1614882405605" for ::1 at 2021-03-04 13:26:45 -0500
Started GET "/assets/application.self-4fdf01b10c6c1036f60c81e48d63b90acf35a87968da54da1396e2ef5abc4f0b.css?body=1&livereload=1614882409681" for ::1 at 2021-03-04 13:26:49 -0500
Started GET "/assets/application.self-4fdf01b10c6c1036f60c81e48d63b90acf35a87968da54da1396e2ef5abc4f0b.css?body=1&livereload=1614882409683" for ::1 at 2021-03-04 13:26:49 -0500
Started GET "/assets/application.self-4fdf01b10c6c1036f60c81e48d63b90acf35a87968da54da1396e2ef5abc4f0b.css?body=1&livereload=1614882410334" for ::1 at 2021-03-04 13:26:50 -0500
Started GET "/assets/application.self-4fdf01b10c6c1036f60c81e48d63b90acf35a87968da54da1396e2ef5abc4f0b.css?body=1&livereload=1614882410339" for ::1 at 2021-03-04 13:26:50 -0500
Started GET "/assets/application.self-4fdf01b10c6c1036f60c81e48d63b90acf35a87968da54da1396e2ef5abc4f0b.css?body=1&livereload=1614882439485" for ::1 at 2021-03-04 13:27:19 -0500
Started GET "/assets/application.self-4fdf01b10c6c1036f60c81e48d63b90acf35a87968da54da1396e2ef5abc4f0b.css?body=1&livereload=1614882439482" for ::1 at 2021-03-04 13:27:19 -0500
Started GET "/assets/application.self-4fdf01b10c6c1036f60c81e48d63b90acf35a87968da54da1396e2ef5abc4f0b.css?body=1&livereload=1614882470865" for ::1 at 2021-03-04 13:27:50 -0500
Started GET "/assets/application.self-4fdf01b10c6c1036f60c81e48d63b90acf35a87968da54da1396e2ef5abc4f0b.css?body=1&livereload=1614882470869" for ::1 at 2021-03-04 13:27:50 -0500
Started GET "/assets/application.self-4fdf01b10c6c1036f60c81e48d63b90acf35a87968da54da1396e2ef5abc4f0b.css?body=1&livereload=1614882472538" for ::1 at 2021-03-04 13:27:52 -0500
Started GET "/assets/application.self-4fdf01b10c6c1036f60c81e48d63b90acf35a87968da54da1396e2ef5abc4f0b.css?body=1&livereload=1614882472535" for ::1 at 2021-03-04 13:27:52 -0500
Started GET "/assets/application.self-4fdf01b10c6c1036f60c81e48d63b90acf35a87968da54da1396e2ef5abc4f0b.css?body=1&livereload=1614882735152" for ::1 at 2021-03-04 13:32:15 -0500
Started GET "/assets/application.self-4fdf01b10c6c1036f60c81e48d63b90acf35a87968da54da1396e2ef5abc4f0b.css?body=1&livereload=1614882735156" for ::1 at 2021-03-04 13:32:15 -0500
Started GET "/assets/application.self-4fdf01b10c6c1036f60c81e48d63b90acf35a87968da54da1396e2ef5abc4f0b.css?body=1&livereload=1614882740572" for ::1 at 2021-03-04 13:32:20 -0500
Started GET "/assets/application.self-4fdf01b10c6c1036f60c81e48d63b90acf35a87968da54da1396e2ef5abc4f0b.css?body=1&livereload=1614882740575" for ::1 at 2021-03-04 13:32:20 -0500
Started GET "/assets/application.self-4fdf01b10c6c1036f60c81e48d63b90acf35a87968da54da1396e2ef5abc4f0b.css?body=1&livereload=1614882742156" for ::1 at 2021-03-04 13:32:22 -0500
Started GET "/assets/application.self-4fdf01b10c6c1036f60c81e48d63b90acf35a87968da54da1396e2ef5abc4f0b.css?body=1&livereload=1614882742153" for ::1 at 2021-03-04 13:32:22 -0500
Started GET "/assets/application.self-4fdf01b10c6c1036f60c81e48d63b90acf35a87968da54da1396e2ef5abc4f0b.css?body=1&livereload=1614882744601" for ::1 at 2021-03-04 13:32:24 -0500
Started GET "/assets/application.self-4fdf01b10c6c1036f60c81e48d63b90acf35a87968da54da1396e2ef5abc4f0b.css?body=1&livereload=1614882744605" for ::1 at 2021-03-04 13:32:24 -0500
Started GET "/assets/application.self-4fdf01b10c6c1036f60c81e48d63b90acf35a87968da54da1396e2ef5abc4f0b.css?body=1&livereload=1614882746833" for ::1 at 2021-03-04 13:32:26 -0500
Started GET "/assets/application.self-4fdf01b10c6c1036f60c81e48d63b90acf35a87968da54da1396e2ef5abc4f0b.css?body=1&livereload=1614882746837" for ::1 at 2021-03-04 13:32:26 -0500
Started GET "/assets/application.self-4fdf01b10c6c1036f60c81e48d63b90acf35a87968da54da1396e2ef5abc4f0b.css?body=1&livereload=1614882749249" for ::1 at 2021-03-04 13:32:29 -0500
Started GET "/assets/application.self-4fdf01b10c6c1036f60c81e48d63b90acf35a87968da54da1396e2ef5abc4f0b.css?body=1&livereload=1614882749251" for ::1 at 2021-03-04 13:32:29 -0500
Started GET "/assets/application.self-4fdf01b10c6c1036f60c81e48d63b90acf35a87968da54da1396e2ef5abc4f0b.css?body=1&livereload=1614882750706" for ::1 at 2021-03-04 13:32:30 -0500
Started GET "/assets/application.self-4fdf01b10c6c1036f60c81e48d63b90acf35a87968da54da1396e2ef5abc4f0b.css?body=1&livereload=1614882750708" for ::1 at 2021-03-04 13:32:30 -0500
Started GET "/assets/application.self-4fdf01b10c6c1036f60c81e48d63b90acf35a87968da54da1396e2ef5abc4f0b.css?body=1&livereload=1614882752804" for ::1 at 2021-03-04 13:32:32 -0500
Started GET "/assets/application.self-4fdf01b10c6c1036f60c81e48d63b90acf35a87968da54da1396e2ef5abc4f0b.css?body=1&livereload=1614882752807" for ::1 at 2021-03-04 13:32:32 -0500
Started GET "/assets/application.self-4fdf01b10c6c1036f60c81e48d63b90acf35a87968da54da1396e2ef5abc4f0b.css?body=1&livereload=1614882767292" for ::1 at 2021-03-04 13:32:47 -0500
Started GET "/assets/application.self-4fdf01b10c6c1036f60c81e48d63b90acf35a87968da54da1396e2ef5abc4f0b.css?body=1&livereload=1614882767295" for ::1 at 2021-03-04 13:32:47 -0500
Started GET "/assets/application.self-4fdf01b10c6c1036f60c81e48d63b90acf35a87968da54da1396e2ef5abc4f0b.css?body=1&livereload=1614882770299" for ::1 at 2021-03-04 13:32:50 -0500
Started GET "/assets/application.self-4fdf01b10c6c1036f60c81e48d63b90acf35a87968da54da1396e2ef5abc4f0b.css?body=1&livereload=1614882770301" for ::1 at 2021-03-04 13:32:50 -0500
Started GET "/assets/application.self-4fdf01b10c6c1036f60c81e48d63b90acf35a87968da54da1396e2ef5abc4f0b.css?body=1&livereload=1614882824496" for ::1 at 2021-03-04 13:33:44 -0500
Started GET "/assets/application.self-4fdf01b10c6c1036f60c81e48d63b90acf35a87968da54da1396e2ef5abc4f0b.css?body=1&livereload=1614882824502" for ::1 at 2021-03-04 13:33:44 -0500
Started GET "/assets/application.self-4fdf01b10c6c1036f60c81e48d63b90acf35a87968da54da1396e2ef5abc4f0b.css?body=1&livereload=1614882827869" for ::1 at 2021-03-04 13:33:47 -0500
Started GET "/assets/application.self-4fdf01b10c6c1036f60c81e48d63b90acf35a87968da54da1396e2ef5abc4f0b.css?body=1&livereload=1614882827873" for ::1 at 2021-03-04 13:33:47 -0500
Started GET "/assets/application.self-4fdf01b10c6c1036f60c81e48d63b90acf35a87968da54da1396e2ef5abc4f0b.css?body=1&livereload=1614882832918" for ::1 at 2021-03-04 13:33:52 -0500
Started GET "/assets/application.self-4fdf01b10c6c1036f60c81e48d63b90acf35a87968da54da1396e2ef5abc4f0b.css?body=1&livereload=1614882832916" for ::1 at 2021-03-04 13:33:52 -0500
Started GET "/assets/application.self-4fdf01b10c6c1036f60c81e48d63b90acf35a87968da54da1396e2ef5abc4f0b.css?body=1&livereload=1614882834795" for ::1 at 2021-03-04 13:33:54 -0500
Started GET "/assets/application.self-4fdf01b10c6c1036f60c81e48d63b90acf35a87968da54da1396e2ef5abc4f0b.css?body=1&livereload=1614882834798" for ::1 at 2021-03-04 13:33:54 -0500
Started GET "/assets/application.self-4fdf01b10c6c1036f60c81e48d63b90acf35a87968da54da1396e2ef5abc4f0b.css?body=1&livereload=1614882836508" for ::1 at 2021-03-04 13:33:56 -0500
Started GET "/assets/application.self-4fdf01b10c6c1036f60c81e48d63b90acf35a87968da54da1396e2ef5abc4f0b.css?body=1&livereload=1614882836506" for ::1 at 2021-03-04 13:33:56 -0500
Started GET "/assets/application.self-4fdf01b10c6c1036f60c81e48d63b90acf35a87968da54da1396e2ef5abc4f0b.css?body=1&livereload=1614882841277" for ::1 at 2021-03-04 13:34:01 -0500
Started GET "/assets/application.self-4fdf01b10c6c1036f60c81e48d63b90acf35a87968da54da1396e2ef5abc4f0b.css?body=1&livereload=1614882841283" for ::1 at 2021-03-04 13:34:01 -0500
Started GET "/assets/application.self-4fdf01b10c6c1036f60c81e48d63b90acf35a87968da54da1396e2ef5abc4f0b.css?body=1&livereload=1614882844463" for ::1 at 2021-03-04 13:34:04 -0500
Started GET "/assets/application.self-4fdf01b10c6c1036f60c81e48d63b90acf35a87968da54da1396e2ef5abc4f0b.css?body=1&livereload=1614882844467" for ::1 at 2021-03-04 13:34:04 -0500
Started GET "/assets/application.self-4fdf01b10c6c1036f60c81e48d63b90acf35a87968da54da1396e2ef5abc4f0b.css?body=1&livereload=1614882847353" for ::1 at 2021-03-04 13:34:07 -0500
Started GET "/assets/application.self-4fdf01b10c6c1036f60c81e48d63b90acf35a87968da54da1396e2ef5abc4f0b.css?body=1&livereload=1614882847356" for ::1 at 2021-03-04 13:34:07 -0500
Started GET "/assets/application.self-4fdf01b10c6c1036f60c81e48d63b90acf35a87968da54da1396e2ef5abc4f0b.css?body=1&livereload=1614882860041" for ::1 at 2021-03-04 13:34:20 -0500
Started GET "/assets/application.self-4fdf01b10c6c1036f60c81e48d63b90acf35a87968da54da1396e2ef5abc4f0b.css?body=1&livereload=1614882860045" for ::1 at 2021-03-04 13:34:20 -0500
Started GET "/assets/application.self-4fdf01b10c6c1036f60c81e48d63b90acf35a87968da54da1396e2ef5abc4f0b.css?body=1&livereload=1614882863052" for ::1 at 2021-03-04 13:34:23 -0500
Started GET "/assets/application.self-4fdf01b10c6c1036f60c81e48d63b90acf35a87968da54da1396e2ef5abc4f0b.css?body=1&livereload=1614882863055" for ::1 at 2021-03-04 13:34:23 -0500
Started GET "/assets/application.self-4fdf01b10c6c1036f60c81e48d63b90acf35a87968da54da1396e2ef5abc4f0b.css?body=1&livereload=1614882866505" for ::1 at 2021-03-04 13:34:26 -0500
Started GET "/assets/application.self-4fdf01b10c6c1036f60c81e48d63b90acf35a87968da54da1396e2ef5abc4f0b.css?body=1&livereload=1614882866508" for ::1 at 2021-03-04 13:34:26 -0500
Started GET "/assets/application.self-4fdf01b10c6c1036f60c81e48d63b90acf35a87968da54da1396e2ef5abc4f0b.css?body=1&livereload=1614882878560" for ::1 at 2021-03-04 13:34:38 -0500
Started GET "/assets/application.self-4fdf01b10c6c1036f60c81e48d63b90acf35a87968da54da1396e2ef5abc4f0b.css?body=1&livereload=1614882878557" for ::1 at 2021-03-04 13:34:38 -0500
Started GET "/assets/application.self-4fdf01b10c6c1036f60c81e48d63b90acf35a87968da54da1396e2ef5abc4f0b.css?body=1&livereload=1614882884676" for ::1 at 2021-03-04 13:34:44 -0500
Started GET "/assets/application.self-4fdf01b10c6c1036f60c81e48d63b90acf35a87968da54da1396e2ef5abc4f0b.css?body=1&livereload=1614882884673" for ::1 at 2021-03-04 13:34:44 -0500
Started GET "/assets/application.self-4fdf01b10c6c1036f60c81e48d63b90acf35a87968da54da1396e2ef5abc4f0b.css?body=1&livereload=1614882887650" for ::1 at 2021-03-04 13:34:47 -0500
Started GET "/assets/application.self-4fdf01b10c6c1036f60c81e48d63b90acf35a87968da54da1396e2ef5abc4f0b.css?body=1&livereload=1614882887653" for ::1 at 2021-03-04 13:34:47 -0500
Started GET "/assets/application.self-4fdf01b10c6c1036f60c81e48d63b90acf35a87968da54da1396e2ef5abc4f0b.css?body=1&livereload=1614882893705" for ::1 at 2021-03-04 13:34:53 -0500
Started GET "/assets/application.self-4fdf01b10c6c1036f60c81e48d63b90acf35a87968da54da1396e2ef5abc4f0b.css?body=1&livereload=1614882893708" for ::1 at 2021-03-04 13:34:53 -0500
Started GET "/assets/application.self-4fdf01b10c6c1036f60c81e48d63b90acf35a87968da54da1396e2ef5abc4f0b.css?body=1&livereload=1614882920771" for ::1 at 2021-03-04 13:35:20 -0500
Started GET "/assets/application.self-4fdf01b10c6c1036f60c81e48d63b90acf35a87968da54da1396e2ef5abc4f0b.css?body=1&livereload=1614882920767" for ::1 at 2021-03-04 13:35:20 -0500
Started GET "/assets/application.self-4fdf01b10c6c1036f60c81e48d63b90acf35a87968da54da1396e2ef5abc4f0b.css?body=1&livereload=1614882924320" for ::1 at 2021-03-04 13:35:24 -0500
Started GET "/assets/application.self-4fdf01b10c6c1036f60c81e48d63b90acf35a87968da54da1396e2ef5abc4f0b.css?body=1&livereload=1614882924323" for ::1 at 2021-03-04 13:35:24 -0500
Started GET "/assets/application.self-4fdf01b10c6c1036f60c81e48d63b90acf35a87968da54da1396e2ef5abc4f0b.css?body=1&livereload=1614882925832" for ::1 at 2021-03-04 13:35:25 -0500
Started GET "/assets/application.self-4fdf01b10c6c1036f60c81e48d63b90acf35a87968da54da1396e2ef5abc4f0b.css?body=1&livereload=1614882925834" for ::1 at 2021-03-04 13:35:25 -0500
Started GET "/assets/application.self-4fdf01b10c6c1036f60c81e48d63b90acf35a87968da54da1396e2ef5abc4f0b.css?body=1&livereload=1614882927635" for ::1 at 2021-03-04 13:35:27 -0500
Started GET "/assets/application.self-4fdf01b10c6c1036f60c81e48d63b90acf35a87968da54da1396e2ef5abc4f0b.css?body=1&livereload=1614882927642" for ::1 at 2021-03-04 13:35:27 -0500
Started GET "/assets/application.self-4fdf01b10c6c1036f60c81e48d63b90acf35a87968da54da1396e2ef5abc4f0b.css?body=1&livereload=1614882930063" for ::1 at 2021-03-04 13:35:30 -0500
Started GET "/assets/application.self-4fdf01b10c6c1036f60c81e48d63b90acf35a87968da54da1396e2ef5abc4f0b.css?body=1&livereload=1614882930058" for ::1 at 2021-03-04 13:35:30 -0500
